<?xml version="1.0" encoding="UTF-8"?>
<!-- Generated by org.testng.reporters.JUnitReportReporter -->
<testsuite hostname="DESKTOP-L28IVB5" failures="0" tests="3" name="com.TestRunner.TestRunnerClass" time="22.588" errors="0" timestamp="2021-12-07T20:49:32 IST" skipped="0">
  <testcase classname="com.TestRunner.TestRunnerClass" name="runScenario" time="10.621"/>
  <system-out/>
  <testcase classname="com.TestRunner.TestRunnerClass" name="runScenario" time="5.874"/>
  <system-out/>
  <testcase classname="com.TestRunner.TestRunnerClass" name="runScenario" time="6.093"/>
  <system-out/>
</testsuite> <!-- com.TestRunner.TestRunnerClass -->
